This is pdfTeX, Version 3.141592653-2.6-1.40.22 (TeX Live 2022/dev/Debian) (preloaded format=pdflatex 2026.2.4)  29 APR 2026 14:48
entering extended mode
 restricted \write18 enabled.
 %&-line parsing enabled.
**\nonstopmode\input paper.tex
(./paper.tex (/usr/share/texlive/texmf-dist/tex/latex/base/article.cls
Document Class: article 2021/10/04 v1.4n Standard LaTeX document class
(/usr/share/texlive/texmf-dist/tex/latex/base/size10.clo
File: size10.clo 2021/10/04 v1.4n Standard LaTeX file (size option)
)
\c@part=\count185
\c@section=\count186
\c@subsection=\count187
\c@subsubsection=\count188
\c@paragraph=\count189
\c@subparagraph=\count190
\c@figure=\count191
\c@table=\count192
\abovecaptionskip=\skip47
\belowcaptionskip=\skip48
\bibindent=\dimen138
)
(/usr/share/texlive/texmf-dist/tex/latex/graphics/graphicx.sty
Package: graphicx 2021/09/16 v1.2d Enhanced LaTeX Graphics (DPC,SPQR)

(/usr/share/texlive/texmf-dist/tex/latex/graphics/keyval.sty
Package: keyval 2014/10/28 v1.15 key=value parser (DPC)
\KV@toks@=\toks16
)
(/usr/share/texlive/texmf-dist/tex/latex/graphics/graphics.sty
Package: graphics 2021/03/04 v1.4d Standard LaTeX Graphics (DPC,SPQR)

(/usr/share/texlive/texmf-dist/tex/latex/graphics/trig.sty
Package: trig 2021/08/11 v1.11 sin cos tan (DPC)
)
(/usr/share/texlive/texmf-dist/tex/latex/graphics-cfg/graphics.cfg
File: graphics.cfg 2016/06/04 v1.11 sample graphics configuration
)
Package graphics Info: Driver file: pdftex.def on input line 107.

(/usr/share/texlive/texmf-dist/tex/latex/graphics-def/pdftex.def
File: pdftex.def 2020/10/05 v1.2a Graphics/color driver for pdftex
))
\Gin@req@height=\dimen139
\Gin@req@width=\dimen140
)
(/usr/share/texlive/texmf-dist/tex/latex/preprint/fullpage.sty
Package: fullpage 1999/02/23 1.1 (PWD)
\FP@margin=\skip49
)
(/usr/share/texlive/texmf-dist/tex/latex/natbib/natbib.sty
Package: natbib 2010/09/13 8.31b (PWD, AO)
\bibhang=\skip50
\bibsep=\skip51
LaTeX Info: Redefining \cite on input line 694.
\c@NAT@ctr=\count193
)
(/usr/share/texlive/texmf-dist/tex/latex/amsmath/amsmath.sty
Package: amsmath 2021/10/15 v2.17l AMS math features
\@mathmargin=\skip52

For additional information on amsmath, use the `?' option.
(/usr/share/texlive/texmf-dist/tex/latex/amsmath/amstext.sty
Package: amstext 2021/08/26 v2.01 AMS text

(/usr/share/texlive/texmf-dist/tex/latex/amsmath/amsgen.sty
File: amsgen.sty 1999/11/30 v2.0 generic functions
\@emptytoks=\toks17
\ex@=\dimen141
))
(/usr/share/texlive/texmf-dist/tex/latex/amsmath/amsbsy.sty
Package: amsbsy 1999/11/29 v1.2d Bold Symbols
\pmbraise@=\dimen142
)
(/usr/share/texlive/texmf-dist/tex/latex/amsmath/amsopn.sty
Package: amsopn 2021/08/26 v2.02 operator names
)
\inf@bad=\count194
LaTeX Info: Redefining \frac on input line 234.
\uproot@=\count195
\leftroot@=\count196
LaTeX Info: Redefining \overline on input line 399.
\classnum@=\count197
\DOTSCASE@=\count198
LaTeX Info: Redefining \ldots on input line 496.
LaTeX Info: Redefining \dots on input line 499.
LaTeX Info: Redefining \cdots on input line 620.
\Mathstrutbox@=\box50
\strutbox@=\box51
\big@size=\dimen143
LaTeX Font Info:    Redeclaring font encoding OML on input line 743.
LaTeX Font Info:    Redeclaring font encoding OMS on input line 744.
\macc@depth=\count199
\c@MaxMatrixCols=\count266
\dotsspace@=\muskip16
\c@parentequation=\count267
\dspbrk@lvl=\count268
\tag@help=\toks18
\row@=\count269
\column@=\count270
\maxfields@=\count271
\andhelp@=\toks19
\eqnshift@=\dimen144
\alignsep@=\dimen145
\tagshift@=\dimen146
\tagwidth@=\dimen147
\totwidth@=\dimen148
\lineht@=\dimen149
\@envbody=\toks20
\multlinegap=\skip53
\multlinetaggap=\skip54
\mathdisplay@stack=\toks21
LaTeX Info: Redefining \[ on input line 2938.
LaTeX Info: Redefining \] on input line 2939.
)
(/usr/share/texlive/texmf-dist/tex/latex/caption/caption.sty
Package: caption 2020/10/26 v3.5g Customizing captions (AR)

(/usr/share/texlive/texmf-dist/tex/latex/caption/caption3.sty
Package: caption3 2020/10/21 v2.2e caption3 kernel (AR)
\captionmargin=\dimen150
\captionmargin@=\dimen151
\captionwidth=\dimen152
\caption@tempdima=\dimen153
\caption@indent=\dimen154
\caption@parindent=\dimen155
\caption@hangindent=\dimen156
Package caption Info: Standard document class detected.
)
\c@caption@flags=\count272
\c@continuedfloat=\count273
)
(/usr/share/texlive/texmf-dist/tex/latex/hyperref/hyperref.sty
Package: hyperref 2021-06-07 v7.00m Hypertext links for LaTeX

(/usr/share/texlive/texmf-dist/tex/generic/ltxcmds/ltxcmds.sty
Package: ltxcmds 2020-05-10 v1.25 LaTeX kernel commands for general use (HO)
)
(/usr/share/texlive/texmf-dist/tex/generic/iftex/iftex.sty
Package: iftex 2020/03/06 v1.0d TeX engine tests
)
(/usr/share/texlive/texmf-dist/tex/generic/pdftexcmds/pdftexcmds.sty
Package: pdftexcmds 2020-06-27 v0.33 Utility functions of pdfTeX for LuaTeX (HO
)

(/usr/share/texlive/texmf-dist/tex/generic/infwarerr/infwarerr.sty
Package: infwarerr 2019/12/03 v1.5 Providing info/warning/error messages (HO)
)
Package pdftexcmds Info: \pdf@primitive is available.
Package pdftexcmds Info: \pdf@ifprimitive is available.
Package pdftexcmds Info: \pdfdraftmode found.
)
(/usr/share/texlive/texmf-dist/tex/generic/kvsetkeys/kvsetkeys.sty
Package: kvsetkeys 2019/12/15 v1.18 Key value parser (HO)
)
(/usr/share/texlive/texmf-dist/tex/generic/kvdefinekeys/kvdefinekeys.sty
Package: kvdefinekeys 2019-12-19 v1.6 Define keys (HO)
)
(/usr/share/texlive/texmf-dist/tex/generic/pdfescape/pdfescape.sty
Package: pdfescape 2019/12/09 v1.15 Implements pdfTeX's escape features (HO)
)
(/usr/share/texlive/texmf-dist/tex/latex/hycolor/hycolor.sty
Package: hycolor 2020-01-27 v1.10 Color options for hyperref/bookmark (HO)
)
(/usr/share/texlive/texmf-dist/tex/latex/letltxmacro/letltxmacro.sty
Package: letltxmacro 2019/12/03 v1.6 Let assignment for LaTeX macros (HO)
)
(/usr/share/texlive/texmf-dist/tex/latex/auxhook/auxhook.sty
Package: auxhook 2019-12-17 v1.6 Hooks for auxiliary files (HO)
)
(/usr/share/texlive/texmf-dist/tex/latex/kvoptions/kvoptions.sty
Package: kvoptions 2020-10-07 v3.14 Key value format for package options (HO)
)
\@linkdim=\dimen157
\Hy@linkcounter=\count274
\Hy@pagecounter=\count275

(/usr/share/texlive/texmf-dist/tex/latex/hyperref/pd1enc.def
File: pd1enc.def 2021-06-07 v7.00m Hyperref: PDFDocEncoding definition (HO)
Now handling font encoding PD1 ...
... no UTF-8 mapping file for font encoding PD1
)
(/usr/share/texlive/texmf-dist/tex/latex/hyperref/hyperref-langpatches.def
File: hyperref-langpatches.def 2021-06-07 v7.00m Hyperref: patches for babel la
nguages
)
(/usr/share/texlive/texmf-dist/tex/generic/intcalc/intcalc.sty
Package: intcalc 2019/12/15 v1.3 Expandable calculations with integers (HO)
)
(/usr/share/texlive/texmf-dist/tex/generic/etexcmds/etexcmds.sty
Package: etexcmds 2019/12/15 v1.7 Avoid name clashes with e-TeX commands (HO)
)
\Hy@SavedSpaceFactor=\count276

(/usr/share/texlive/texmf-dist/tex/latex/hyperref/puenc.def
File: puenc.def 2021-06-07 v7.00m Hyperref: PDF Unicode definition (HO)
Now handling font encoding PU ...
... no UTF-8 mapping file for font encoding PU
)
Package hyperref Info: Option `colorlinks' set `true' on input line 4073.
Package hyperref Info: Hyper figures OFF on input line 4192.
Package hyperref Info: Link nesting OFF on input line 4197.
Package hyperref Info: Hyper index ON on input line 4200.
Package hyperref Info: Plain pages OFF on input line 4207.
Package hyperref Info: Backreferencing OFF on input line 4212.
Package hyperref Info: Implicit mode ON; LaTeX internals redefined.
Package hyperref Info: Bookmarks ON on input line 4445.
\c@Hy@tempcnt=\count277

(/usr/share/texlive/texmf-dist/tex/latex/url/url.sty
\Urlmuskip=\muskip17
Package: url 2013/09/16  ver 3.4  Verb mode for urls, etc.
)
LaTeX Info: Redefining \url on input line 4804.
\XeTeXLinkMargin=\dimen158

(/usr/share/texlive/texmf-dist/tex/generic/bitset/bitset.sty
Package: bitset 2019/12/09 v1.3 Handle bit-vector datatype (HO)

(/usr/share/texlive/texmf-dist/tex/generic/bigintcalc/bigintcalc.sty
Package: bigintcalc 2019/12/15 v1.5 Expandable calculations on big integers (HO
)
))
\Fld@menulength=\count278
\Field@Width=\dimen159
\Fld@charsize=\dimen160
Package hyperref Info: Hyper figures OFF on input line 6076.
Package hyperref Info: Link nesting OFF on input line 6081.
Package hyperref Info: Hyper index ON on input line 6084.
Package hyperref Info: backreferencing OFF on input line 6091.
Package hyperref Info: Link coloring ON on input line 6094.
Package hyperref Info: Link coloring with OCG OFF on input line 6101.
Package hyperref Info: PDF/A mode OFF on input line 6106.
LaTeX Info: Redefining \ref on input line 6146.
LaTeX Info: Redefining \pageref on input line 6150.

(/usr/share/texlive/texmf-dist/tex/latex/base/atbegshi-ltx.sty
Package: atbegshi-ltx 2021/01/10 v1.0c Emulation of the original atbegshi
package with kernel methods
)
\Hy@abspage=\count279
\c@Item=\count280
\c@Hfootnote=\count281
)
Package hyperref Info: Driver (autodetected): hpdftex.

(/usr/share/texlive/texmf-dist/tex/latex/hyperref/hpdftex.def
File: hpdftex.def 2021-06-07 v7.00m Hyperref driver for pdfTeX

(/usr/share/texlive/texmf-dist/tex/latex/base/atveryend-ltx.sty
Package: atveryend-ltx 2020/08/19 v1.0a Emulation of the original atveryend pac
kage
with kernel methods
)
\Fld@listcount=\count282
\c@bookmark@seq@number=\count283

(/usr/share/texlive/texmf-dist/tex/latex/rerunfilecheck/rerunfilecheck.sty
Package: rerunfilecheck 2019/12/05 v1.9 Rerun checks for auxiliary files (HO)

(/usr/share/texlive/texmf-dist/tex/generic/uniquecounter/uniquecounter.sty
Package: uniquecounter 2019/12/15 v1.4 Provide unlimited unique counter (HO)
)
Package uniquecounter Info: New unique counter `rerunfilecheck' on input line 2
86.
)
\Hy@SectionHShift=\skip55
)
(/usr/share/texlive/texmf-dist/tex/latex/lineno/lineno.sty
Package: lineno 2005/11/02 line numbers on paragraphs v4.41
\linenopenalty=\count284
\output=\toks22
\linenoprevgraf=\count285
\linenumbersep=\dimen161
\linenumberwidth=\dimen162
\c@linenumber=\count286
\c@pagewiselinenumber=\count287
\c@LN@truepage=\count288
\c@internallinenumber=\count289
\c@internallinenumbers=\count290
\quotelinenumbersep=\dimen163
\bframerule=\dimen164
\bframesep=\dimen165
\bframebox=\box52
LaTeX Info: Redefining \\ on input line 3056.
)
(/usr/share/texlive/texmf-dist/tex/latex/l3backend/l3backend-pdftex.def
File: l3backend-pdftex.def 2022-01-12 L3 backend support: PDF output (pdfTeX)
\l__color_backend_stack_int=\count291
\l__pdf_internal_box=\box53
)
(./paper.aux)
\openout1 = `paper.aux'.

LaTeX Font Info:    Checking defaults for OML/cmm/m/it on input line 9.
LaTeX Font Info:    ... okay on input line 9.
LaTeX Font Info:    Checking defaults for OMS/cmsy/m/n on input line 9.
LaTeX Font Info:    ... okay on input line 9.
LaTeX Font Info:    Checking defaults for OT1/cmr/m/n on input line 9.
LaTeX Font Info:    ... okay on input line 9.
LaTeX Font Info:    Checking defaults for T1/cmr/m/n on input line 9.
LaTeX Font Info:    ... okay on input line 9.
LaTeX Font Info:    Checking defaults for TS1/cmr/m/n on input line 9.
LaTeX Font Info:    ... okay on input line 9.
LaTeX Font Info:    Checking defaults for OMX/cmex/m/n on input line 9.
LaTeX Font Info:    ... okay on input line 9.
LaTeX Font Info:    Checking defaults for U/cmr/m/n on input line 9.
LaTeX Font Info:    ... okay on input line 9.
LaTeX Font Info:    Checking defaults for PD1/pdf/m/n on input line 9.
LaTeX Font Info:    ... okay on input line 9.
LaTeX Font Info:    Checking defaults for PU/pdf/m/n on input line 9.
LaTeX Font Info:    ... okay on input line 9.

(/usr/share/texlive/texmf-dist/tex/context/base/mkii/supp-pdf.mkii
[Loading MPS to PDF converter (version 2006.09.02).]
\scratchcounter=\count292
\scratchdimen=\dimen166
\scratchbox=\box54
\nofMPsegments=\count293
\nofMParguments=\count294
\everyMPshowfont=\toks23
\MPscratchCnt=\count295
\MPscratchDim=\dimen167
\MPnumerator=\count296
\makeMPintoPDFobject=\count297
\everyMPtoPDFconversion=\toks24
) (/usr/share/texlive/texmf-dist/tex/latex/epstopdf-pkg/epstopdf-base.sty
Package: epstopdf-base 2020-01-24 v2.11 Base part for package epstopdf
Package epstopdf-base Info: Redefining graphics rule for `.eps' on input line 4
85.

(/usr/share/texlive/texmf-dist/tex/latex/latexconfig/epstopdf-sys.cfg
File: epstopdf-sys.cfg 2010/07/13 v1.3 Configuration of (r)epstopdf for TeX Liv
e
))
Package caption Info: Begin \AtBeginDocument code.
Package caption Info: hyperref package is loaded.
Package caption Info: End \AtBeginDocument code.

(/usr/share/texlive/texmf-dist/tex/latex/graphics/color.sty
Package: color 2021/12/07 v1.3c Standard LaTeX Color (DPC)

(/usr/share/texlive/texmf-dist/tex/latex/graphics-cfg/color.cfg
File: color.cfg 2016/01/02 v1.6 sample color configuration
)
Package color Info: Driver file: pdftex.def on input line 149.
)
Package hyperref Info: Link coloring ON on input line 9.

(/usr/share/texlive/texmf-dist/tex/latex/hyperref/nameref.sty
Package: nameref 2021-04-02 v2.47 Cross-referencing by name of section

(/usr/share/texlive/texmf-dist/tex/latex/refcount/refcount.sty
Package: refcount 2019/12/15 v3.6 Data extraction from label references (HO)
)
(/usr/share/texlive/texmf-dist/tex/generic/gettitlestring/gettitlestring.sty
Package: gettitlestring 2019/12/15 v1.6 Cleanup title references (HO)
)
\c@section@level=\count298
)
LaTeX Info: Redefining \ref on input line 9.
LaTeX Info: Redefining \pageref on input line 9.
LaTeX Info: Redefining \nameref on input line 9.

(./paper.out) (./paper.out)
\@outlinefile=\write3
\openout3 = `paper.out'.

 [1

{/var/lib/texmf/fonts/map/pdftex/updmap/pdftex.map}] [2] [3] [4]
<../figures/synthetic-ECDF.pdf, id=200, 289.08pt x 289.08pt>
File: ../figures/synthetic-ECDF.pdf Graphic file (type pdf)
<use ../figures/synthetic-ECDF.pdf>
Package pdftex.def Info: ../figures/synthetic-ECDF.pdf  used on input line 351.

(pdftex.def)             Requested size: 234.8775pt x 234.8769pt.


Package caption Warning: The option `hypcap=true' will be ignored for this
(caption)                particular \caption on input line 360.
See the caption package documentation for explanation.


Overfull \hbox (2.2222pt too wide) in paragraph at lines 350--363
[] [] 
 []

[5 <../figures/synthetic-ecdf.pdf>]
<../figures/FT.pdf, id=227, 325.215pt x 325.215pt>
File: ../figures/FT.pdf Graphic file (type pdf)
<use ../figures/FT.pdf>
Package pdftex.def Info: ../figures/FT.pdf  used on input line 461.
(pdftex.def)             Requested size: 234.8775pt x 234.88408pt.


Package caption Warning: The option `hypcap=true' will be ignored for this
(caption)                particular \caption on input line 469.
See the caption package documentation for explanation.


Overfull \hbox (2.2222pt too wide) in paragraph at lines 460--472
[] [] 
 []

[6] [7 <../figures/FT.pdf>]
<../figures/wtdmean.pdf, id=263, 650.43pt x 325.215pt>
File: ../figures/wtdmean.pdf Graphic file (type pdf)
<use ../figures/wtdmean.pdf>
Package pdftex.def Info: ../figures/wtdmean.pdf  used on input line 526.
(pdftex.def)             Requested size: 281.85587pt x 140.93144pt.


Package caption Warning: The option `hypcap=true' will be ignored for this
(caption)                particular \caption on input line 538.
See the caption package documentation for explanation.


Overfull \hbox (2.2222pt too wide) in paragraph at lines 525--541
[] [] 
 []

<../figures/isochron.pdf, id=273, 650.43pt x 325.215pt>
File: ../figures/isochron.pdf Graphic file (type pdf)
<use ../figures/isochron.pdf>
Package pdftex.def Info: ../figures/isochron.pdf  used on input line 606.
(pdftex.def)             Requested size: 328.82707pt x 164.41837pt.

Package caption Warning: The option `hypcap=true' will be ignored for this
(caption)                particular \caption on input line 615.
See the caption package documentation for explanation.


Overfull \hbox (2.2222pt too wide) in paragraph at lines 605--618
[] [] 
 []

[8 <../figures/wtdmean.pdf>]
<../figures/concordia.pdf, id=301, 650.43pt x 325.215pt>
File: ../figures/concordia.pdf Graphic file (type pdf)
<use ../figures/concordia.pdf>
Package pdftex.def Info: ../figures/concordia.pdf  used on input line 679.
(pdftex.def)             Requested size: 328.82707pt x 164.41837pt.


Package caption Warning: The option `hypcap=true' will be ignored for this
(caption)                particular \caption on input line 688.
See the caption package documentation for explanation.


Underfull \hbox (badness 1242) in paragraph at lines 688--688
[]\OT1/cmr/m/n/10 Figure 5: |[]a) syn-thetic time-
 []


Underfull \hbox (badness 10000) in paragraph at lines 688--688
\OT1/cmr/m/n/10 resolved LA-ICP-MS dataset
 []


Underfull \hbox (badness 5817) in paragraph at lines 688--688
\OT1/cmr/m/n/10 in-di-vid-ual mass spec-trom-e-ter
 []


Overfull \hbox (2.2222pt too wide) in paragraph at lines 678--691
[] [] 
 []

[9 <../figures/isochron.pdf>] [10 <../figures/concordia.pdf>]
<../figures/synthetic_ecdfs.pdf, id=342, 650.43pt x 325.215pt>
File: ../figures/synthetic_ecdfs.pdf Graphic file (type pdf)
<use ../figures/synthetic_ecdfs.pdf>
Package pdftex.def Info: ../figures/synthetic_ecdfs.pdf  used on input line 768
.
(pdftex.def)             Requested size: 328.82707pt x 164.41837pt.


Package caption Warning: The option `hypcap=true' will be ignored for this
(caption)                particular \caption on input line 778.
See the caption package documentation for explanation.


Underfull \hbox (badness 1748) in paragraph at lines 778--778
\OT1/cmr/m/n/10 blue func-tions mark dis-tri-bu-
 []


Overfull \hbox (2.2222pt too wide) in paragraph at lines 767--781
[] [] 
 []

[11 <../figures/synthetic_ecdfs.pdf>]
<../figures/Iwano.pdf, id=373, 289.08pt x 289.08pt>
File: ../figures/Iwano.pdf Graphic file (type pdf)
<use ../figures/Iwano.pdf>
Package pdftex.def Info: ../figures/Iwano.pdf  used on input line 840.
(pdftex.def)             Requested size: 187.89914pt x 187.89977pt.


Package caption Warning: The option `hypcap=true' will be ignored for this
(caption)                particular \caption on input line 848.
See the caption package documentation for explanation.


Overfull \hbox (2.2222pt too wide) in paragraph at lines 839--851
[] [] 
 []

[12 <../figures/Iwano.pdf>]
<../figures/Nature.pdf, id=398, 578.16pt x 289.08pt>
File: ../figures/Nature.pdf Graphic file (type pdf)
<use ../figures/Nature.pdf>
Package pdftex.def Info: ../figures/Nature.pdf  used on input line 924.
(pdftex.def)             Requested size: 328.82707pt x 164.4112pt.


Package caption Warning: The option `hypcap=true' will be ignored for this
(caption)                particular \caption on input line 930.
See the caption package documentation for explanation.


Underfull \hbox (badness 1147) in paragraph at lines 930--930
\OT1/cmr/m/n/10 p-values. The colours group
 []


Underfull \hbox (badness 1810) in paragraph at lines 930--930
\OT1/cmr/m/n/10 the dataset ac-cord-ing to the
 []


Overfull \hbox (2.2222pt too wide) in paragraph at lines 923--933
[] [] 
 []

[13 <../figures/Nature.pdf>]
<../figures/GTS.pdf, id=428, 289.08pt x 289.08pt>
File: ../figures/GTS.pdf Graphic file (type pdf)
<use ../figures/GTS.pdf>
Package pdftex.def Info: ../figures/GTS.pdf  used on input line 981.
(pdftex.def)             Requested size: 187.89914pt x 187.89977pt.


Package caption Warning: The option `hypcap=true' will be ignored for this
(caption)                particular \caption on input line 989.
See the caption package documentation for explanation.


Overfull \hbox (2.2222pt too wide) in paragraph at lines 980--992
[] [] 
 []

[14 <../figures/GTS.pdf>]
<../figures/Droellner.pdf, id=462, 507.74492pt x 288.54222pt>
File: ../figures/Droellner.pdf Graphic file (type pdf)
<use ../figures/Droellner.pdf>
Package pdftex.def Info: ../figures/Droellner.pdf  used on input line 1050.
(pdftex.def)             Requested size: 328.82707pt x 186.8722pt.


Package caption Warning: The option `hypcap=true' will be ignored for this
(caption)                particular \caption on input line 1057.
See the caption package documentation for explanation.


Overfull \hbox (2.2222pt too wide) in paragraph at lines 1049--1060
[] [] 
 []

[15 <../figures/Droellner.pdf>] [16] [17]
<../figures/type1.pdf, id=584, 722.7pt x 361.35pt>
File: ../figures/type1.pdf Graphic file (type pdf)
<use ../figures/type1.pdf>
Package pdftex.def Info: ../figures/type1.pdf  used on input line 1304.
(pdftex.def)             Requested size: 469.75502pt x 234.88023pt.


Package caption Warning: \captionsetup{type*=...} or \captionof
(caption)                outside box or environment on input line 1305.
See the caption package documentation for explanation.


Package caption Warning: The option `hypcap=true' will be ignored for this
(caption)                particular \caption on input line 1308.
See the caption package documentation for explanation.

(./paper.bbl [18 <../figures/type1.pdf>] [19] [20]) [21] (./paper.aux)
Package rerunfilecheck Info: File `paper.out' has not changed.
(rerunfilecheck)             Checksum: 8DB97B73AE43F4DBCB6C4B1514732E63;3144.
 ) 
Here is how much of TeX's memory you used:
 11094 strings out of 480171
 178332 string characters out of 5894490
 478138 words of memory out of 5000000
 28783 multiletter control sequences out of 15000+600000
 477236 words of font info for 56 fonts, out of 8000000 for 9000
 59 hyphenation exceptions out of 8191
 60i,9n,63p,774b,516s stack positions out of 5000i,500n,10000p,200000b,80000s
 </home/pvermees/.texlive2021/texmf-var/fonts/pk/ljfour/jknappen/ec/tcrm1000.
600pk></usr/share/texlive/texmf-dist/fonts/type1/public/amsfonts/cm/cmbx12.pfb>
</usr/share/texlive/texmf-dist/fonts/type1/public/amsfonts/cm/cmbx9.pfb></usr/s
hare/texlive/texmf-dist/fonts/type1/public/amsfonts/cm/cmex10.pfb></usr/share/t
exlive/texmf-dist/fonts/type1/public/amsfonts/cm/cmmi10.pfb></usr/share/texlive
/texmf-dist/fonts/type1/public/amsfonts/cm/cmmi5.pfb></usr/share/texlive/texmf-
dist/fonts/type1/public/amsfonts/cm/cmmi7.pfb></usr/share/texlive/texmf-dist/fo
nts/type1/public/amsfonts/cm/cmr10.pfb></usr/share/texlive/texmf-dist/fonts/typ
e1/public/amsfonts/cm/cmr17.pfb></usr/share/texlive/texmf-dist/fonts/type1/publ
ic/amsfonts/cm/cmr5.pfb></usr/share/texlive/texmf-dist/fonts/type1/public/amsfo
nts/cm/cmr6.pfb></usr/share/texlive/texmf-dist/fonts/type1/public/amsfonts/cm/c
mr7.pfb></usr/share/texlive/texmf-dist/fonts/type1/public/amsfonts/cm/cmr8.pfb>
</usr/share/texlive/texmf-dist/fonts/type1/public/amsfonts/cm/cmr9.pfb></usr/sh
are/texlive/texmf-dist/fonts/type1/public/amsfonts/cm/cmss8.pfb></usr/share/tex
live/texmf-dist/fonts/type1/public/amsfonts/cm/cmsy10.pfb></usr/share/texlive/t
exmf-dist/fonts/type1/public/amsfonts/cm/cmsy7.pfb></usr/share/texlive/texmf-di
st/fonts/type1/public/amsfonts/cm/cmti10.pfb></usr/share/texlive/texmf-dist/fon
ts/type1/public/amsfonts/cm/cmtt10.pfb>
Output written on paper.pdf (21 pages, 626401 bytes).
PDF statistics:
 723 PDF objects out of 1000 (max. 8388607)
 612 compressed objects within 7 object streams
 128 named destinations out of 1000 (max. 500000)
 200 words of extra memory for PDF output out of 10000 (max. 10000000)

